# JRE version: Java(TM) SE Runtime Environment (8.0_51-b16) (build 1.8.0_51-b16)
# Java VM: Java HotSpot(TM) 64-Bit Server VM (25.51-b03 mixed mode windows-amd64 compressed oops)
Heap:
 PSYoungGen      total 17920K, used 5274K [0x00000000ec400000, 0x00000000ed800000, 0x0000000100000000)
  eden space 15360K, 17% used [0x00000000ec400000,0x00000000ec6a76c0,0x00000000ed300000)
  from space 2560K, 99% used [0x00000000ed580000,0x00000000ed7ff450,0x00000000ed800000)
  to   space 2560K, 0% used [0x00000000ed300000,0x00000000ed300000,0x00000000ed580000)
 ParOldGen       total 40960K, used 10184K [0x00000000c4c00000, 0x00000000c7400000, 0x00000000ec400000)
  object space 40960K, 24% used [0x00000000c4c00000,0x00000000c55f21f8,0x00000000c7400000)
 Metaspace       used 16026K, capacity 16216K, committed 16512K, reserved 1062912K
  class space    used 2040K, capacity 2099K, committed 2176K, reserved 1048576K
GC Heap History (4 events):
Event: 0.522 GC heap before
{Heap before GC invocations=1 (full 0):
 PSYoungGen      total 17920K, used 15360K [0x00000000ec400000, 0x00000000ed800000, 0x0000000100000000)
  eden space 15360K, 100% used [0x00000000ec400000,0x00000000ed300000,0x00000000ed300000)
  from space 2560K, 0% used [0x00000000ed580000,0x00000000ed580000,0x00000000ed800000)
  to   space 2560K, 0% used [0x00000000ed300000,0x00000000ed300000,0x00000000ed580000)
 ParOldGen       total 40960K, used 0K [0x00000000c4c00000, 0x00000000c7400000, 0x00000000ec400000)
  object space 40960K, 0% used [0x00000000c4c00000,0x00000000c4c00000,0x00000000c7400000)
 Metaspace       used 12078K, capacity 12292K, committed 12416K, reserved 1060864K
  class space    used 1538K, capacity 1604K, committed 1664K, reserved 1048576K
Event: 0.526 GC heap after
Heap after GC invocations=1 (full 0):
 PSYoungGen      total 17920K, used 2534K [0x00000000ec400000, 0x00000000ed800000, 0x0000000100000000)
  eden space 15360K, 0% used [0x00000000ec400000,0x00000000ec400000,0x00000000ed300000)
  from space 2560K, 99% used [0x00000000ed300000,0x00000000ed579b38,0x00000000ed580000)
  to   space 2560K, 0% used [0x00000000ed580000,0x00000000ed580000,0x00000000ed800000)
 ParOldGen       total 40960K, used 1166K [0x00000000c4c00000, 0x00000000c7400000, 0x00000000ec400000)
  object space 40960K, 2% used [0x00000000c4c00000,0x00000000c4d23910,0x00000000c7400000)
 Metaspace       used 12078K, capacity 12292K, committed 12416K, reserved 1060864K
  class space    used 1538K, capacity 1604K, committed 1664K, reserved 1048576K
}
Event: 12.855 GC heap before
{Heap before GC invocations=2 (full 0):
 PSYoungGen      total 17920K, used 17892K [0x00000000ec400000, 0x00000000ed800000, 0x0000000100000000)
  eden space 15360K, 99% used [0x00000000ec400000,0x00000000ed2ff678,0x00000000ed300000)
  from space 2560K, 99% used [0x00000000ed300000,0x00000000ed579b38,0x00000000ed580000)
  to   space 2560K, 0% used [0x00000000ed580000,0x00000000ed580000,0x00000000ed800000)
 ParOldGen       total 40960K, used 1166K [0x00000000c4c00000, 0x00000000c7400000, 0x00000000ec400000)
  object space 40960K, 2% used [0x00000000c4c00000,0x00000000c4d23910,0x00000000c7400000)
 Metaspace       used 15702K, capacity 15888K, committed 16256K, reserved 1062912K
  class space    used 2036K, capacity 2099K, committed 2176K, reserved 1048576K
Event: 12.861 GC heap after
Heap after GC invocations=2 (full 0):
 PSYoungGen      total 17920K, used 2557K [0x00000000ec400000, 0x00000000ed800000, 0x0000000100000000)
  eden space 15360K, 0% used [0x00000000ec400000,0x00000000ec400000,0x00000000ed300000)
  from space 2560K, 99% used [0x00000000ed580000,0x00000000ed7ff450,0x00000000ed800000)
  to   space 2560K, 0% used [0x00000000ed300000,0x00000000ed300000,0x00000000ed580000)
 ParOldGen       total 40960K, used 10184K [0x00000000c4c00000, 0x00000000c7400000, 0x00000000ec400000)
  object space 40960K, 24% used [0x00000000c4c00000,0x00000000c55f21f8,0x00000000c7400000)
 Metaspace       used 15702K, capacity 15888K, committed 16256K, reserved 1062912K
  class space    used 2036K, capacity 2099K, committed 2176K, reserved 1048576K
}

